[21-Jan-2016 15:02:09 UTC] PHP Fatal error:  Call to private method Student::setWid() from context '' in /home/ubuntu/workspace/S16-CSCI242/encapsulationStudent/index.php on line 8
[21-Jan-2016 15:02:09 UTC] PHP Stack trace:
[21-Jan-2016 15:02:09 UTC] PHP   1. {main}() /home/ubuntu/workspace/S16-CSCI242/encapsulationStudent/index.php:0
[02-Feb-2016 14:39:44 UTC] PHP Warning:  require(Shape.php): failed to open stream: No such file or directory in /home/ubuntu/workspace/S16-CSCI242/inheritance/index.php on line 3
[02-Feb-2016 14:39:44 UTC] PHP Stack trace:
[02-Feb-2016 14:39:44 UTC] PHP   1. {main}() /home/ubuntu/workspace/S16-CSCI242/inheritance/index.php:0
[02-Feb-2016 14:39:44 UTC] PHP Fatal error:  require(): Failed opening required 'Shape.php' (include_path='.:/usr/share/php:/usr/share/pear') in /home/ubuntu/workspace/S16-CSCI242/inheritance/index.php on line 3
[02-Feb-2016 14:39:44 UTC] PHP Stack trace:
[02-Feb-2016 14:39:44 UTC] PHP   1. {main}() /home/ubuntu/workspace/S16-CSCI242/inheritance/index.php:0
[08-Feb-2016 01:12:04 UTC] PHP Fatal error:  Cannot redeclare class Profile in /home/ubuntu/workspace/S16-CSCI242/hw1/Profile.php on line 3
[08-Feb-2016 01:12:04 UTC] PHP Stack trace:
[08-Feb-2016 01:12:04 UTC] PHP   1. {main}() /home/ubuntu/workspace/S16-CSCI242/hw1/index.php:0
[08-Feb-2016 01:12:04 UTC] PHP   2. require() /home/ubuntu/workspace/S16-CSCI242/hw1/index.php:3
[08-Feb-2016 01:12:39 UTC] PHP Fatal error:  Call to undefined function setUsername() in /home/ubuntu/workspace/S16-CSCI242/hw1/index.php on line 7
[08-Feb-2016 01:12:39 UTC] PHP Stack trace:
[08-Feb-2016 01:12:39 UTC] PHP   1. {main}() /home/ubuntu/workspace/S16-CSCI242/hw1/index.php:0
[08-Feb-2016 01:21:28 UTC] PHP Fatal error:  Cannot redeclare class Profile in /home/ubuntu/workspace/S16-CSCI242/hw1/Profile.php on line 3
[08-Feb-2016 01:21:28 UTC] PHP Stack trace:
[08-Feb-2016 01:21:28 UTC] PHP   1. {main}() /home/ubuntu/workspace/S16-CSCI242/hw1/index.php:0
[08-Feb-2016 01:27:54 UTC] PHP Fatal error:  Call to undefined function setUsername() in /home/ubuntu/workspace/S16-CSCI242/hw1/index.php on line 7
[08-Feb-2016 01:27:54 UTC] PHP Stack trace:
[08-Feb-2016 01:27:54 UTC] PHP   1. {main}() /home/ubuntu/workspace/S16-CSCI242/hw1/index.php:0
[08-Feb-2016 01:29:07 UTC] PHP Fatal error:  Call to undefined function setFirstName() in /home/ubuntu/workspace/S16-CSCI242/hw1/index.php on line 8
[08-Feb-2016 01:29:07 UTC] PHP Stack trace:
[08-Feb-2016 01:29:07 UTC] PHP   1. {main}() /home/ubuntu/workspace/S16-CSCI242/hw1/index.php:0
[08-Feb-2016 01:29:45 UTC] PHP Fatal error:  Cannot redeclare class Profile in /home/ubuntu/workspace/S16-CSCI242/hw1/Profile.php on line 3
[08-Feb-2016 01:29:45 UTC] PHP Stack trace:
[08-Feb-2016 01:29:45 UTC] PHP   1. {main}() /home/ubuntu/workspace/S16-CSCI242/hw1/index.php:0
[08-Feb-2016 01:29:58 UTC] PHP Fatal error:  Call to undefined function setFirstName() in /home/ubuntu/workspace/S16-CSCI242/hw1/index.php on line 8
[08-Feb-2016 01:29:58 UTC] PHP Stack trace:
[08-Feb-2016 01:29:58 UTC] PHP   1. {main}() /home/ubuntu/workspace/S16-CSCI242/hw1/index.php:0
[08-Feb-2016 02:35:31 UTC] PHP Fatal error:  Call to undefined method User::setFirstName() in /home/ubuntu/workspace/S16-CSCI242/hw1/index.php on line 8
[08-Feb-2016 02:35:31 UTC] PHP Stack trace:
[08-Feb-2016 02:35:31 UTC] PHP   1. {main}() /home/ubuntu/workspace/S16-CSCI242/hw1/index.php:0
[08-Feb-2016 02:40:31 UTC] PHP Fatal error:  Call to undefined function setUsername() in /home/ubuntu/workspace/S16-CSCI242/hw1/index.php on line 7
[08-Feb-2016 02:40:31 UTC] PHP Stack trace:
[08-Feb-2016 02:40:31 UTC] PHP   1. {main}() /home/ubuntu/workspace/S16-CSCI242/hw1/index.php:0
[08-Feb-2016 02:41:52 UTC] PHP Fatal error:  Call to undefined method Profile::setUsername() in /home/ubuntu/workspace/S16-CSCI242/hw1/index.php on line 7
[08-Feb-2016 02:41:52 UTC] PHP Stack trace:
[08-Feb-2016 02:41:52 UTC] PHP   1. {main}() /home/ubuntu/workspace/S16-CSCI242/hw1/index.php:0
[08-Feb-2016 19:54:18 UTC] PHP Parse error:  syntax error, unexpected '{' in /home/ubuntu/workspace/S16-CSCI242/hw1/index.php on line 19
[13-Feb-2016 00:44:09 UTC] PHP Parse error:  syntax error, unexpected 'class' (T_CLASS), expecting variable (T_VARIABLE) in /home/ubuntu/workspace/S16-CSCI242/hw2/HTTPPostData.php on line 6
[13-Feb-2016 00:44:09 UTC] PHP Stack trace:
[13-Feb-2016 00:44:09 UTC] PHP   1. {main}() /home/ubuntu/workspace/S16-CSCI242/hw2/hw2.php:0
[13-Feb-2016 00:53:32 UTC] PHP Parse error:  syntax error, unexpected 'class' (T_CLASS), expecting variable (T_VARIABLE) in /home/ubuntu/workspace/S16-CSCI242/hw2/HTTPPostData.php on line 6
[13-Feb-2016 00:53:32 UTC] PHP Stack trace:
[13-Feb-2016 00:53:32 UTC] PHP   1. {main}() /home/ubuntu/workspace/S16-CSCI242/hw2/hw2.php:0
[13-Feb-2016 00:54:01 UTC] PHP Parse error:  syntax error, unexpected 'class' (T_CLASS), expecting variable (T_VARIABLE) in /home/ubuntu/workspace/S16-CSCI242/hw2/HTTPPostData.php on line 6
[13-Feb-2016 00:54:01 UTC] PHP Stack trace:
[13-Feb-2016 00:54:01 UTC] PHP   1. {main}() /home/ubuntu/workspace/S16-CSCI242/hw2/hw2.php:0
[17-Feb-2016 21:54:06 UTC] PHP Fatal error:  Cannot use [] for reading in /home/ubuntu/workspace/S16-CSCI242/hw2/HTTPGetData.php on line 14
[17-Feb-2016 21:54:06 UTC] PHP Stack trace:
[17-Feb-2016 21:54:06 UTC] PHP   1. {main}() /home/ubuntu/workspace/S16-CSCI242/hw2/hw2.php:0
[17-Feb-2016 22:12:19 UTC] PHP Fatal error:  Call to a member function setUsername() on a non-object in /home/ubuntu/workspace/S16-CSCI242/hw1/index.php on line 15
[17-Feb-2016 22:12:19 UTC] PHP Stack trace:
[17-Feb-2016 22:12:19 UTC] PHP   1. {main}() /home/ubuntu/workspace/S16-CSCI242/hw1/index.php:0
[17-Feb-2016 22:12:49 UTC] PHP Fatal error:  Call to a member function setUsername() on a non-object in /home/ubuntu/workspace/S16-CSCI242/hw1/index.php on line 15
[17-Feb-2016 22:12:49 UTC] PHP Stack trace:
[17-Feb-2016 22:12:49 UTC] PHP   1. {main}() /home/ubuntu/workspace/S16-CSCI242/hw1/index.php:0
[17-Feb-2016 22:16:29 UTC] PHP Fatal error:  Cannot access empty property in /home/ubuntu/workspace/S16-CSCI242/hw1/index.php on line 17
[17-Feb-2016 22:16:29 UTC] PHP Stack trace:
[17-Feb-2016 22:16:29 UTC] PHP   1. {main}() /home/ubuntu/workspace/S16-CSCI242/hw1/index.php:0
[17-Feb-2016 22:18:27 UTC] PHP Fatal error:  Cannot access empty property in /home/ubuntu/workspace/S16-CSCI242/hw1/index.php on line 17
[17-Feb-2016 22:18:27 UTC] PHP Stack trace:
[17-Feb-2016 22:18:27 UTC] PHP   1. {main}() /home/ubuntu/workspace/S16-CSCI242/hw1/index.php:0
[17-Feb-2016 22:19:12 UTC] PHP Fatal error:  Call to a member function setFirstName() on a non-object in /home/ubuntu/workspace/S16-CSCI242/hw1/index.php on line 18
[17-Feb-2016 22:19:12 UTC] PHP Stack trace:
[17-Feb-2016 22:19:12 UTC] PHP   1. {main}() /home/ubuntu/workspace/S16-CSCI242/hw1/index.php:0
[17-Feb-2016 22:19:53 UTC] PHP Fatal error:  Call to undefined method User::setFirstName() in /home/ubuntu/workspace/S16-CSCI242/hw1/index.php on line 18
[17-Feb-2016 22:19:53 UTC] PHP Stack trace:
[17-Feb-2016 22:19:53 UTC] PHP   1. {main}() /home/ubuntu/workspace/S16-CSCI242/hw1/index.php:0
[17-Feb-2016 22:20:28 UTC] PHP Fatal error:  Call to undefined function setFirstName() in /home/ubuntu/workspace/S16-CSCI242/hw1/index.php on line 18
[17-Feb-2016 22:20:28 UTC] PHP Stack trace:
[17-Feb-2016 22:20:28 UTC] PHP   1. {main}() /home/ubuntu/workspace/S16-CSCI242/hw1/index.php:0
[17-Feb-2016 22:26:37 UTC] PHP Parse error:  syntax error, unexpected 'BACK' (T_STRING) in /home/ubuntu/workspace/S16-CSCI242/hw1/index.php on line 18
[17-Feb-2016 22:26:45 UTC] PHP Fatal error:  Cannot access empty property in /home/ubuntu/workspace/S16-CSCI242/hw1/index.php on line 18
[17-Feb-2016 22:26:45 UTC] PHP Stack trace:
[17-Feb-2016 22:26:45 UTC] PHP   1. {main}() /home/ubuntu/workspace/S16-CSCI242/hw1/index.php:0
[17-Feb-2016 22:26:55 UTC] PHP Fatal error:  Cannot access empty property in /home/ubuntu/workspace/S16-CSCI242/hw1/index.php on line 18
[17-Feb-2016 22:26:55 UTC] PHP Stack trace:
[17-Feb-2016 22:26:55 UTC] PHP   1. {main}() /home/ubuntu/workspace/S16-CSCI242/hw1/index.php:0
[17-Feb-2016 22:27:44 UTC] PHP Fatal error:  Using $this when not in object context in /home/ubuntu/workspace/S16-CSCI242/hw1/index.php on line 20
[17-Feb-2016 22:27:44 UTC] PHP Stack trace:
[17-Feb-2016 22:27:44 UTC] PHP   1. {main}() /home/ubuntu/workspace/S16-CSCI242/hw1/index.php:0
[17-Feb-2016 22:28:14 UTC] PHP Fatal error:  Class name must be a valid object or a string in /home/ubuntu/workspace/S16-CSCI242/hw1/index.php on line 20
[17-Feb-2016 22:28:14 UTC] PHP Stack trace:
[17-Feb-2016 22:28:14 UTC] PHP   1. {main}() /home/ubuntu/workspace/S16-CSCI242/hw1/index.php:0
[17-Feb-2016 22:46:42 UTC] PHP Fatal error:  Class name must be a valid object or a string in /home/ubuntu/workspace/S16-CSCI242/hw1/index.php on line 20
[17-Feb-2016 22:46:42 UTC] PHP Stack trace:
[17-Feb-2016 22:46:42 UTC] PHP   1. {main}() /home/ubuntu/workspace/S16-CSCI242/hw1/index.php:0
[17-Feb-2016 22:51:07 UTC] PHP Fatal error:  Call to a member function setProfile() on a non-object in /home/ubuntu/workspace/S16-CSCI242/hw1/User.php on line 13
[17-Feb-2016 22:51:07 UTC] PHP Stack trace:
[17-Feb-2016 22:51:07 UTC] PHP   1. {main}() /home/ubuntu/workspace/S16-CSCI242/hw1/index.php:0
[17-Feb-2016 22:51:07 UTC] PHP   2. User->__construct() /home/ubuntu/workspace/S16-CSCI242/hw1/index.php:11
[17-Feb-2016 22:51:43 UTC] PHP Fatal error:  Call to a member function setProfile() on a non-object in /home/ubuntu/workspace/S16-CSCI242/hw1/User.php on line 13
[17-Feb-2016 22:51:43 UTC] PHP Stack trace:
[17-Feb-2016 22:51:43 UTC] PHP   1. {main}() /home/ubuntu/workspace/S16-CSCI242/hw1/index.php:0
[17-Feb-2016 22:51:43 UTC] PHP   2. User->__construct() /home/ubuntu/workspace/S16-CSCI242/hw1/index.php:11
[17-Feb-2016 22:52:11 UTC] PHP Fatal error:  Call to a member function setFirstName() on a non-object in /home/ubuntu/workspace/S16-CSCI242/hw1/index.php on line 17
[17-Feb-2016 22:52:11 UTC] PHP Stack trace:
[17-Feb-2016 22:52:11 UTC] PHP   1. {main}() /home/ubuntu/workspace/S16-CSCI242/hw1/index.php:0
